# JRE version: OpenJDK Runtime Environment (8.0_152-b06) (build 1.8.0_152-release-1136-b06)
# Java VM: OpenJDK 64-Bit Server VM (25.152-b06 mixed mode windows-amd64 compressed oops)
Heap:
 PSYoungGen      total 224768K, used 149836K [0x00000000e0000000, 0x00000000f5400000, 0x0000000100000000)
  eden space 198656K, 67% used [0x00000000e0000000,0x00000000e829dc98,0x00000000ec200000)
  from space 26112K, 61% used [0x00000000ec200000,0x00000000ed1b55a8,0x00000000edb80000)
  to   space 26624K, 0% used [0x00000000f3a00000,0x00000000f3a00000,0x00000000f5400000)
 ParOldGen       total 92672K, used 45987K [0x00000000a0000000, 0x00000000a5a80000, 0x00000000e0000000)
  object space 92672K, 49% used [0x00000000a0000000,0x00000000a2ce8e80,0x00000000a5a80000)
 Metaspace       used 77106K, capacity 80238K, committed 80280K, reserved 1118208K
  class space    used 10256K, capacity 10908K, committed 10928K, reserved 1048576K
GC Heap History (10 events):
Event: 21.078 GC heap before
{Heap before GC invocations=14 (full 2):
 PSYoungGen      total 146944K, used 82847K [0x00000000e0000000, 0x00000000ec400000, 0x0000000100000000)
  eden space 132608K, 52% used [0x00000000e0000000,0x00000000e4396998,0x00000000e8180000)
  from space 14336K, 95% used [0x00000000e8180000,0x00000000e8ed13d8,0x00000000e8f80000)
  to   space 16384K, 0% used [0x00000000eb400000,0x00000000eb400000,0x00000000ec400000)
 ParOldGen       total 58880K, used 32482K [0x00000000a0000000, 0x00000000a3980000, 0x00000000e0000000)
  object space 58880K, 55% used [0x00000000a0000000,0x00000000a1fb89d8,0x00000000a3980000)
 Metaspace       used 57355K, capacity 58998K, committed 59160K, reserved 1099776K
  class space    used 7826K, capacity 8232K, committed 8240K, reserved 1048576K
Event: 21.108 GC heap after
Heap after GC invocations=14 (full 2):
 PSYoungGen      total 182272K, used 13818K [0x00000000e0000000, 0x00000000ec500000, 0x0000000100000000)
  eden space 165888K, 0% used [0x00000000e0000000,0x00000000e0000000,0x00000000ea200000)
  from space 16384K, 84% used [0x00000000eb400000,0x00000000ec17e8b0,0x00000000ec400000)
  to   space 17920K, 0% used [0x00000000ea200000,0x00000000ea200000,0x00000000eb380000)
 ParOldGen       total 58880K, used 32490K [0x00000000a0000000, 0x00000000a3980000, 0x00000000e0000000)
  object space 58880K, 55% used [0x00000000a0000000,0x00000000a1fba9d8,0x00000000a3980000)
 Metaspace       used 57355K, capacity 58998K, committed 59160K, reserved 1099776K
  class space    used 7826K, capacity 8232K, committed 8240K, reserved 1048576K
}
Event: 21.108 GC heap before
{Heap before GC invocations=15 (full 3):
 PSYoungGen      total 182272K, used 13818K [0x00000000e0000000, 0x00000000ec500000, 0x0000000100000000)
  eden space 165888K, 0% used [0x00000000e0000000,0x00000000e0000000,0x00000000ea200000)
  from space 16384K, 84% used [0x00000000eb400000,0x00000000ec17e8b0,0x00000000ec400000)
  to   space 17920K, 0% used [0x00000000ea200000,0x00000000ea200000,0x00000000eb380000)
 ParOldGen       total 58880K, used 32490K [0x00000000a0000000, 0x00000000a3980000, 0x00000000e0000000)
  object space 58880K, 55% used [0x00000000a0000000,0x00000000a1fba9d8,0x00000000a3980000)
 Metaspace       used 57355K, capacity 58998K, committed 59160K, reserved 1099776K
  class space    used 7826K, capacity 8232K, committed 8240K, reserved 1048576K
Event: 21.438 GC heap after
Heap after GC invocations=15 (full 3):
 PSYoungGen      total 182272K, used 0K [0x00000000e0000000, 0x00000000ec500000, 0x0000000100000000)
  eden space 165888K, 0% used [0x00000000e0000000,0x00000000e0000000,0x00000000ea200000)
  from space 16384K, 0% used [0x00000000eb400000,0x00000000eb400000,0x00000000ec400000)
  to   space 17920K, 0% used [0x00000000ea200000,0x00000000ea200000,0x00000000eb380000)
 ParOldGen       total 92672K, used 36028K [0x00000000a0000000, 0x00000000a5a80000, 0x00000000e0000000)
  object space 92672K, 38% used [0x00000000a0000000,0x00000000a232f018,0x00000000a5a80000)
 Metaspace       used 57355K, capacity 58998K, committed 59160K, reserved 1099776K
  class space    used 7826K, capacity 8232K, committed 8240K, reserved 1048576K
}
Event: 27.348 GC heap before
{Heap before GC invocations=16 (full 3):
 PSYoungGen      total 182272K, used 165888K [0x00000000e0000000, 0x00000000ec500000, 0x0000000100000000)
  eden space 165888K, 100% used [0x00000000e0000000,0x00000000ea200000,0x00000000ea200000)
  from space 16384K, 0% used [0x00000000eb400000,0x00000000eb400000,0x00000000ec400000)
  to   space 17920K, 0% used [0x00000000ea200000,0x00000000ea200000,0x00000000eb380000)
 ParOldGen       total 92672K, used 36028K [0x00000000a0000000, 0x00000000a5a80000, 0x00000000e0000000)
  object space 92672K, 38% used [0x00000000a0000000,0x00000000a232f018,0x00000000a5a80000)
 Metaspace       used 69773K, capacity 72306K, committed 72472K, reserved 1112064K
  class space    used 9415K, capacity 9976K, committed 10032K, reserved 1048576K
Event: 27.412 GC heap after
Heap after GC invocations=16 (full 3):
 PSYoungGen      total 183808K, used 17905K [0x00000000e0000000, 0x00000000ef380000, 0x0000000100000000)
  eden space 165888K, 0% used [0x00000000e0000000,0x00000000e0000000,0x00000000ea200000)
  from space 17920K, 99% used [0x00000000ea200000,0x00000000eb37c6a8,0x00000000eb380000)
  to   space 24064K, 0% used [0x00000000edc00000,0x00000000edc00000,0x00000000ef380000)
 ParOldGen       total 92672K, used 45971K [0x00000000a0000000, 0x00000000a5a80000, 0x00000000e0000000)
  object space 92672K, 49% used [0x00000000a0000000,0x00000000a2ce4e80,0x00000000a5a80000)
 Metaspace       used 69773K, capacity 72306K, committed 72472K, reserved 1112064K
  class space    used 9415K, capacity 9976K, committed 10032K, reserved 1048576K
}
Event: 32.709 GC heap before
{Heap before GC invocations=17 (full 3):
 PSYoungGen      total 183808K, used 183566K [0x00000000e0000000, 0x00000000ef380000, 0x0000000100000000)
  eden space 165888K, 99% used [0x00000000e0000000,0x00000000ea1c7388,0x00000000ea200000)
  from space 17920K, 99% used [0x00000000ea200000,0x00000000eb37c6a8,0x00000000eb380000)
  to   space 24064K, 0% used [0x00000000edc00000,0x00000000edc00000,0x00000000ef380000)
 ParOldGen       total 92672K, used 45971K [0x00000000a0000000, 0x00000000a5a80000, 0x00000000e0000000)
  object space 92672K, 49% used [0x00000000a0000000,0x00000000a2ce4e80,0x00000000a5a80000)
 Metaspace       used 73348K, capacity 76368K, committed 76696K, reserved 1116160K
  class space    used 9904K, capacity 10569K, committed 10672K, reserved 1048576K
Event: 32.746 GC heap after
Heap after GC invocations=17 (full 3):
 PSYoungGen      total 222720K, used 19294K [0x00000000e0000000, 0x00000000ef500000, 0x0000000100000000)
  eden space 198656K, 0% used [0x00000000e0000000,0x00000000e0000000,0x00000000ec200000)
  from space 24064K, 80% used [0x00000000edc00000,0x00000000eeed79d8,0x00000000ef380000)
  to   space 26112K, 0% used [0x00000000ec200000,0x00000000ec200000,0x00000000edb80000)
 ParOldGen       total 92672K, used 45979K [0x00000000a0000000, 0x00000000a5a80000, 0x00000000e0000000)
  object space 92672K, 49% used [0x00000000a0000000,0x00000000a2ce6e80,0x00000000a5a80000)
 Metaspace       used 73348K, capacity 76368K, committed 76696K, reserved 1116160K
  class space    used 9904K, capacity 10569K, committed 10672K, reserved 1048576K
}
Event: 32.803 GC heap before
{Heap before GC invocations=18 (full 3):
 PSYoungGen      total 222720K, used 217147K [0x00000000e0000000, 0x00000000ef500000, 0x0000000100000000)
  eden space 198656K, 99% used [0x00000000e0000000,0x00000000ec137338,0x00000000ec200000)
  from space 24064K, 80% used [0x00000000edc00000,0x00000000eeed79d8,0x00000000ef380000)
  to   space 26112K, 0% used [0x00000000ec200000,0x00000000ec200000,0x00000000edb80000)
 ParOldGen       total 92672K, used 45979K [0x00000000a0000000, 0x00000000a5a80000, 0x00000000e0000000)
  object space 92672K, 49% used [0x00000000a0000000,0x00000000a2ce6e80,0x00000000a5a80000)
 Metaspace       used 73358K, capacity 76368K, committed 76696K, reserved 1116160K
  class space    used 9904K, capacity 10569K, committed 10672K, reserved 1048576K
Event: 32.833 GC heap after
Heap after GC invocations=18 (full 3):
 PSYoungGen      total 224768K, used 16085K [0x00000000e0000000, 0x00000000f5400000, 0x0000000100000000)
  eden space 198656K, 0% used [0x00000000e0000000,0x00000000e0000000,0x00000000ec200000)
  from space 26112K, 61% used [0x00000000ec200000,0x00000000ed1b55a8,0x00000000edb80000)
  to   space 26624K, 0% used [0x00000000f3a00000,0x00000000f3a00000,0x00000000f5400000)
 ParOldGen       total 92672K, used 45987K [0x00000000a0000000, 0x00000000a5a80000, 0x00000000e0000000)
  object space 92672K, 49% used [0x00000000a0000000,0x00000000a2ce8e80,0x00000000a5a80000)
 Metaspace       used 73358K, capacity 76368K, committed 76696K, reserved 1116160K
  class space    used 9904K, capacity 10569K, committed 10672K, reserved 1048576K
}

